app/build/outputs/logs/manifest-merger-debug-report.txt
-- Merging decision tree log ---
manifest
ADDED from caw_shell\app\AndroidManifest.xml:2:1-42:12
INJECTED from caw_shell\app\AndroidManifest.xml:2:1-42:12
INJECTED from caw_shell\app\AndroidManifest.xml:2:1-42:12
INJECTED from caw_shell\app\AndroidManifest.xml:2:1-42:12
INJECTED from caw_shell\app\AndroidManifest.xml:2:1-42:12
INJECTED from caw_shell\app\AndroidManifest.xml:2:1-42:12
INJECTED from caw_shell\app\AndroidManifest.xml:2:1-42:12
	package
		ADDED from caw_shell\app\AndroidManifest.xml:3:5-33
		INJECTED from caw_shell\app\AndroidManifest.xml
		INJECTED from caw_shell\app\AndroidManifest.xml
	android:versionName
		INJECTED from caw_shell\app\AndroidManifest.xml
		ADDED from caw_shell\app\AndroidManifest.xml:2:1-42:12
		INJECTED from caw_shell\app\AndroidManifest.xml
	android:versionCode
		INJECTED from caw_shell\app\AndroidManifest.xml
		ADDED from caw_shell\app\AndroidManifest.xml:2:1-42:12
		INJECTED from caw_shell\app\AndroidManifest.xml
	xmlns:android
		ADDED from caw_shell\app\AndroidManifest.xml:2:11-69
application
ADDED from caw_shell\app\AndroidManifest.xml:6:5-20:19
	android:label
		ADDED from caw_shell\app\AndroidManifest.xml:9:9-41
	android:icon
		ADDED from caw_shell\app\AndroidManifest.xml:8:9-45
	android:allowBackup
		ADDED from caw_shell\app\AndroidManifest.xml:7:9-35
	android:theme
		ADDED from caw_shell\app\AndroidManifest.xml:10:9-39
activity#com.uc.webkit.test.BrowserActivity
ADDED from caw_shell\app\AndroidManifest.xml:11:9-19:20
	android:label
		ADDED from caw_shell\app\AndroidManifest.xml:13:13-45
	android:name
		ADDED from caw_shell\app\AndroidManifest.xml:12:13-62
intent-filter#android.intent.action.MAIN+android.intent.category.LAUNCHER
ADDED from caw_shell\app\AndroidManifest.xml:14:13-18:29
action#android.intent.action.MAIN
ADDED from caw_shell\app\AndroidManifest.xml:15:17-69
	android:name
		ADDED from caw_shell\app\AndroidManifest.xml:15:25-66
category#android.intent.category.LAUNCHER
ADDED from caw_shell\app\AndroidManifest.xml:17:17-77
	android:name
		ADDED from caw_shell\app\AndroidManifest.xml:17:27-74
uses-permission#android.permission.BLUETOOTH
ADDED from caw_shell\app\AndroidManifest.xml:22:5-68
	android:name
		ADDED from caw_shell\app\AndroidManifest.xml:22:22-65
uses-permission#android.permission.ACCESS_FINE_LOCATION
ADDED from caw_shell\app\AndroidManifest.xml:23:2-76
	android:name
		ADDED from caw_shell\app\AndroidManifest.xml:23:19-73
uses-permission#android.permission.INTERNET
ADDED from caw_shell\app\AndroidManifest.xml:24:2-64
	android:name
		ADDED from caw_shell\app\AndroidManifest.xml:24:19-61
uses-permission#android.permission.ACCESS_NETWORK_STATE
ADDED from caw_shell\app\AndroidManifest.xml:25:2-76
	android:name
		ADDED from caw_shell\app\AndroidManifest.xml:25:19-73
uses-permission#android.permission.READ_PHONE_STATE
ADDED from caw_shell\app\AndroidManifest.xml:26:2-71
	android:name
		ADDED from caw_shell\app\AndroidManifest.xml:26:19-69
uses-permission#android.permission.CAMERA
ADDED from caw_shell\app\AndroidManifest.xml:27:2-62
	android:name
		ADDED from caw_shell\app\AndroidManifest.xml:27:19-59
uses-permission#android.permission.WRITE_EXTERNAL_STORAGE
ADDED from caw_shell\app\AndroidManifest.xml:28:2-78
	android:name
		ADDED from caw_shell\app\AndroidManifest.xml:28:19-75
uses-permission#android.permission.VIBRATE
ADDED from caw_shell\app\AndroidManifest.xml:29:2-63
	android:name
		ADDED from caw_shell\app\AndroidManifest.xml:29:19-60
uses-permission#android.permission.WAKE_LOCK
ADDED from caw_shell\app\AndroidManifest.xml:30:2-65
	android:name
		ADDED from caw_shell\app\AndroidManifest.xml:30:19-62
uses-permission#android.permission.PERSISTENT_ACTIVITY
ADDED from caw_shell\app\AndroidManifest.xml:31:2-75
	android:name
		ADDED from caw_shell\app\AndroidManifest.xml:31:19-72
uses-permission#android.permission.ACCESS_WIFI_STATE
ADDED from caw_shell\app\AndroidManifest.xml:32:2-73
	android:name
		ADDED from caw_shell\app\AndroidManifest.xml:32:19-70
uses-permission#android.permission.CHANGE_WIFI_STATE
ADDED from caw_shell\app\AndroidManifest.xml:33:2-73
	android:name
		ADDED from caw_shell\app\AndroidManifest.xml:33:19-70
uses-permission#android.permission.READ_LOGS
ADDED from caw_shell\app\AndroidManifest.xml:34:2-65
	android:name
		ADDED from caw_shell\app\AndroidManifest.xml:34:19-62
uses-permission#com.android.browser.permission.READ_HISTORY_BOOKMARKS
ADDED from caw_shell\app\AndroidManifest.xml:35:2-90
	android:name
		ADDED from caw_shell\app\AndroidManifest.xml:35:19-87
uses-permission#com.android.launcher.permission.INSTALL_SHORTCUT
ADDED from caw_shell\app\AndroidManifest.xml:36:2-85
	android:name
		ADDED from caw_shell\app\AndroidManifest.xml:36:19-82
uses-permission#android.permission.RECORD_AUDIO
ADDED from caw_shell\app\AndroidManifest.xml:37:2-68
	android:name
		ADDED from caw_shell\app\AndroidManifest.xml:37:19-65
uses-permission#com.android.email.permission.READ_ATTACHMENT
ADDED from caw_shell\app\AndroidManifest.xml:38:2-81
	android:name
		ADDED from caw_shell\app\AndroidManifest.xml:38:19-78
uses-feature#android.hardware.camera
ADDED from caw_shell\app\AndroidManifest.xml:40:2-57
	android:name
		ADDED from caw_shell\app\AndroidManifest.xml:40:16-54
uses-feature#android.hardware.camera.autofocus
ADDED from caw_shell\app\AndroidManifest.xml:41:2-67
	android:name
		ADDED from caw_shell\app\AndroidManifest.xml:41:16-64
uses-sdk
INJECTED from caw_shell\app\AndroidManifest.xml reason: use-sdk injection requested
INJECTED from caw_shell\app\AndroidManifest.xml
INJECTED from caw_shell\app\AndroidManifest.xml
INJECTED from caw_shell\app\AndroidManifest.xml
INJECTED from caw_shell\app\AndroidManifest.xml
	android:targetSdkVersion
		INJECTED from caw_shell\app\AndroidManifest.xml
		ADDED from caw_shell\app\AndroidManifest.xml
		INJECTED from caw_shell\app\AndroidManifest.xml
	android:minSdkVersion
		INJECTED from caw_shell\app\AndroidManifest.xml
		ADDED from caw_shell\app\AndroidManifest.xml
		INJECTED from caw_shell\app\AndroidManifest.xml